"GET / HTTP/1.1" 200 5553
"GET / HTTP/1.1" 200 5553
"GET /admin/ HTTP/1.1" 200 4291
"GET /admin/auth/user/ HTTP/1.1" 200 6615
"GET /admin/jsi18n/ HTTP/1.1" 200 3223
"GET /admin/auth/user/1/change/ HTTP/1.1" 200 14492
"GET /admin/jsi18n/ HTTP/1.1" 200 3223
"GET /admin/ HTTP/1.1" 200 4291
"GET /admin/api/movie/ HTTP/1.1" 200 4309
"GET /admin/jsi18n/ HTTP/1.1" 200 3223
"GET /admin/api/movie/1/change/ HTTP/1.1" 200 6261
"GET /admin/jsi18n/ HTTP/1.1" 200 3223
"GET /admin/ HTTP/1.1" 200 4291
"GET /admin/api/movie/ HTTP/1.1" 200 4309
"GET /admin/jsi18n/ HTTP/1.1" 200 3223
"GET /admin/api/movie/1/change/ HTTP/1.1" 200 6261
"GET /admin/jsi18n/ HTTP/1.1" 200 3223
"GET /admin/ HTTP/1.1" 200 4291
Watching for file changes with StatReloader
"OPTIONS /api/token/ HTTP/1.1" 200 0
"POST /api/token/ HTTP/1.1" 200 438
"OPTIONS /api/token/refresh/ HTTP/1.1" 200 0
"POST /api/token/refresh/ HTTP/1.1" 200 218
"POST /api/token/refresh/ HTTP/1.1" 200 218
"POST /api/token/refresh/ HTTP/1.1" 200 218
Watching for file changes with StatReloader
Watching for file changes with StatReloader
"POST /api/token/refresh/ HTTP/1.1" 200 218
"POST /api/token/refresh/ HTTP/1.1" 200 218
"POST /api/token/refresh/ HTTP/1.1" 200 218
"POST /api/token/refresh/ HTTP/1.1" 200 218
"POST /api/token/refresh/ HTTP/1.1" 200 218
"POST /api/token/refresh/ HTTP/1.1" 200 218
"POST /api/token/refresh/ HTTP/1.1" 200 218
"OPTIONS /api/token/refresh/ HTTP/1.1" 200 0
"POST /api/token/refresh/ HTTP/1.1" 200 218
"POST /api/token/refresh/ HTTP/1.1" 200 218
"POST /api/token/refresh/ HTTP/1.1" 200 218
Watching for file changes with StatReloader
"OPTIONS /api/token/ HTTP/1.1" 200 0
"POST /api/token/ HTTP/1.1" 200 438
"OPTIONS /api/token/refresh/ HTTP/1.1" 200 0
"POST /api/token/refresh/ HTTP/1.1" 200 218
"POST /api/token/refresh/ HTTP/1.1" 200 218
/home/django-rest-framework-jwt-example/api/models.py changed, reloading.
Watching for file changes with StatReloader
/home/django-rest-framework-jwt-example/api/models.py changed, reloading.
Watching for file changes with StatReloader
/home/django-rest-framework-jwt-example/api/serializers.py changed, reloading.
Watching for file changes with StatReloader
/home/django-rest-framework-jwt-example/api/serializers.py changed, reloading.
Watching for file changes with StatReloader
/home/django-rest-framework-jwt-example/api/api.py changed, reloading.
Watching for file changes with StatReloader
Not Found: /pedidos
"GET /pedidos HTTP/1.1" 404 3961
Not Found: /favicon.ico
"GET /favicon.ico HTTP/1.1" 404 3973
Not Found: /api/vi/pedidos
"GET /api/vi/pedidos HTTP/1.1" 404 3982
"GET /api/v1/pedidos HTTP/1.1" 301 0
Unauthorized: /api/v1/pedidos/
"GET /api/v1/pedidos/ HTTP/1.1" 401 5426
"GET /static/rest_framework/css/prettify.css HTTP/1.1" 200 817
"GET /static/rest_framework/css/bootstrap-tweaks.css HTTP/1.1" 200 3385
"GET /static/rest_framework/css/bootstrap.min.css HTTP/1.1" 200 121457
"GET /static/rest_framework/css/default.css HTTP/1.1" 200 1131
"GET /static/rest_framework/js/csrf.js HTTP/1.1" 200 1719
"GET /static/rest_framework/js/bootstrap.min.js HTTP/1.1" 200 37608
"GET /static/rest_framework/js/prettify-min.js HTTP/1.1" 200 13632
"GET /static/rest_framework/js/jquery-3.4.1.min.js HTTP/1.1" 200 88145
"GET /static/rest_framework/js/default.js HTTP/1.1" 200 1268
"GET /static/rest_framework/js/ajax-form.js HTTP/1.1" 200 3597
"GET /static/rest_framework/img/grid.png HTTP/1.1" 200 1458
Unauthorized: /
"GET / HTTP/1.1" 401 5085
Unauthorized: /api/v1/pedidos/
"GET /api/v1/pedidos/ HTTP/1.1" 401 5426
"GET /api-auth/login/?next=/api/v1/pedidos/ HTTP/1.1" 200 2716
"POST /api-auth/login/ HTTP/1.1" 302 0
Not Found: /api/v1/pedidos/
"GET /api/v1/pedidos/ HTTP/1.1" 404 11115
Not Found: /api/v1/pedidos/
"GET /api/v1/pedidos/ HTTP/1.1" 404 11115
/home/django-rest-framework-jwt-example/api/urls.py changed, reloading.
Watching for file changes with StatReloader
/home/django-rest-framework-jwt-example/api/urls.py changed, reloading.
Watching for file changes with StatReloader
Not Found: /api/v1/pedidos/
"GET /api/v1/pedidos/ HTTP/1.1" 404 11115
"GET / HTTP/1.1" 200 5553
"GET /api/v1 HTTP/1.1" 301 0
"GET /api/v1/ HTTP/1.1" 200 10060
/home/django-rest-framework-jwt-example/api/urls.py changed, reloading.
Watching for file changes with StatReloader
Not Found: /api/v1/
"GET /api/v1/ HTTP/1.1" 404 5019
"GET /api/v1/pedidos/ HTTP/1.1" 200 9915
"POST /api/v1/pedidos/ HTTP/1.1" 201 9972
"POST /api/v1/pedidos/ HTTP/1.1" 201 9972
"GET /api/v1/pedidos/ HTTP/1.1" 200 10359
"GET /api/v1/pedidos/?format=json HTTP/1.1" 200 175
"GET /api/v1/pedidos/ HTTP/1.1" 200 10359
"GET /api/v1/pedidos/?format=json HTTP/1.1" 200 175
Not Found: /api/v1/pedidos/
"GET /api/v1/pedidos/?format=xml HTTP/1.1" 404 23
"GET / HTTP/1.1" 200 5721
"GET /api/v1/movie/ HTTP/1.1" 200 10114
"GET /api/v1/pedidos/ HTTP/1.1" 200 10359
"GET / HTTP/1.1" 200 5721
"GET /?format=json HTTP/1.1" 200 135
"GET /api/v1/pedidos/ HTTP/1.1" 200 10359
"GET /api/v1/pedidos/ HTTP/1.1" 200 10359
"GET /api/v1/pedidos/?format=api HTTP/1.1" 200 10436
"GET /api/v1/pedidos/?format=json HTTP/1.1" 200 175
"POST /api/token/refresh/ HTTP/1.1" 200 218
"POST /api/token/refresh/ HTTP/1.1" 200 218
"POST /api/token/refresh/ HTTP/1.1" 200 218
"POST /api/token/refresh/ HTTP/1.1" 200 218
"POST /api/token/refresh/ HTTP/1.1" 200 218
"POST /api/token/refresh/ HTTP/1.1" 200 218
"POST /api/token/refresh/ HTTP/1.1" 200 218
"GET /api/v1/pedidos/?format=json HTTP/1.1" 200 175
"POST /api/token/refresh/ HTTP/1.1" 200 218
"POST /api/token/refresh/ HTTP/1.1" 200 218
"POST /api/token/refresh/ HTTP/1.1" 200 218
"OPTIONS /api/token/refresh/ HTTP/1.1" 200 0
"POST /api/token/refresh/ HTTP/1.1" 200 218
"OPTIONS /api/v1/pedidos/?format=json&sortField=nombre&sortDirection=asc HTTP/1.1" 200 0
"GET /api/v1/pedidos/?format=json&sortField=nombre&sortDirection=asc HTTP/1.1" 200 175
"POST /api/token/refresh/ HTTP/1.1" 200 218
"GET /api/v1/pedidos/?format=json&sortField=nombre&sortDirection=asc HTTP/1.1" 200 175
"POST /api/token/refresh/ HTTP/1.1" 200 218
"GET /api/v1/pedidos/?format=json&sortField=nombre&sortDirection=asc HTTP/1.1" 200 175
"POST /api/token/refresh/ HTTP/1.1" 200 218
"GET /api/v1/pedidos/?format=json&sortField=nombre&sortDirection=asc HTTP/1.1" 200 175
"POST /api/token/refresh/ HTTP/1.1" 200 218
"GET /api/v1/pedidos/?format=json&sortField=nombre&sortDirection=asc HTTP/1.1" 200 175
Watching for file changes with StatReloader
Watching for file changes with StatReloader
"GET /admin HTTP/1.1" 301 0
"GET /admin/ HTTP/1.1" 302 0
"GET /admin/login/?next=/admin/ HTTP/1.1" 200 1819
"GET /static/admin/css/base.css HTTP/1.1" 200 16378
"GET /static/admin/css/login.css HTTP/1.1" 200 1233
"GET /static/admin/css/responsive.css HTTP/1.1" 200 17944
"GET /static/admin/css/fonts.css HTTP/1.1" 200 423
"GET /static/admin/fonts/Roboto-Light-webfont.woff HTTP/1.1" 200 85692
"GET /static/admin/fonts/Roboto-Regular-webfont.woff HTTP/1.1" 200 85876
Not Found: /favicon.ico
"GET /favicon.ico HTTP/1.1" 404 5031
"POST /admin/login/?next=/admin/ HTTP/1.1" 200 1979
"GET /static/admin/fonts/Roboto-Bold-webfont.woff HTTP/1.1" 200 86184
"POST /admin/login/?next=/admin/ HTTP/1.1" 302 0
"GET /admin/ HTTP/1.1" 200 4291
"GET /static/admin/css/dashboard.css HTTP/1.1" 200 412
"GET /static/admin/img/icon-addlink.svg HTTP/1.1" 200 331
"GET /static/admin/img/icon-changelink.svg HTTP/1.1" 200 380
"GET /admin/api/movie/ HTTP/1.1" 200 4309
"GET /static/admin/css/changelists.css HTTP/1.1" 200 6170
"GET /static/admin/js/vendor/jquery/jquery.js HTTP/1.1" 200 271817
"GET /static/admin/js/urlify.js HTTP/1.1" 200 8941
"GET /static/admin/js/actions.js HTTP/1.1" 200 6766
"GET /static/admin/js/core.js HTTP/1.1" 200 7099
"GET /static/admin/js/prepopulate.js HTTP/1.1" 200 1530
"GET /static/admin/js/vendor/xregexp/xregexp.js HTTP/1.1" 200 128820
"GET /static/admin/js/jquery.init.js HTTP/1.1" 200 363
"GET /admin/jsi18n/ HTTP/1.1" 200 3223
"GET /static/admin/js/admin/RelatedObjectLookups.js HTTP/1.1" 200 6918
"GET /static/admin/img/tooltag-add.svg HTTP/1.1" 200 331
"GET /admin/api/movie/1/change/ HTTP/1.1" 200 6261
"GET /static/admin/js/prepopulate_init.js HTTP/1.1" 200 495
"GET /static/admin/js/change_form.js HTTP/1.1" 200 712
"GET /static/admin/css/forms.css HTTP/1.1" 200 8518
"GET /admin/jsi18n/ HTTP/1.1" 200 3223
"GET /static/admin/css/widgets.css HTTP/1.1" 200 10340
"GET /admin/api/ HTTP/1.1" 200 2400
